0 info it worked if it ends with ok
1 verbose cli [ '/usr/local/bin/node',
1 verbose cli   '/usr/local/bin/npm',
1 verbose cli   'install',
1 verbose cli   'angularjs-jasmine-matchers',
1 verbose cli   '--save-dev' ]
2 info using npm@2.15.9
3 info using node@v4.6.0
4 verbose install initial load of /Users/erratik/Sites/cutv/site/wp-content/plugins/cutv-api/package.json
5 verbose installManyTop reading scoped package data from /Users/erratik/Sites/cutv/site/wp-content/plugins/cutv-api/node_modules/grunt/package.json
6 verbose installManyTop reading scoped package data from /Users/erratik/Sites/cutv/site/wp-content/plugins/cutv-api/node_modules/grunt-cli/package.json
7 verbose installManyTop reading scoped package data from /Users/erratik/Sites/cutv/site/wp-content/plugins/cutv-api/node_modules/grunt-contrib-cssmin/package.json
8 verbose installManyTop reading scoped package data from /Users/erratik/Sites/cutv/site/wp-content/plugins/cutv-api/node_modules/grunt-contrib-less/package.json
9 verbose installManyTop reading scoped package data from /Users/erratik/Sites/cutv/site/wp-content/plugins/cutv-api/node_modules/grunt-contrib-uglify/package.json
10 verbose installManyTop reading scoped package data from /Users/erratik/Sites/cutv/site/wp-content/plugins/cutv-api/node_modules/grunt-contrib-watch/package.json
11 verbose installManyTop reading scoped package data from /Users/erratik/Sites/cutv/site/wp-content/plugins/cutv-api/node_modules/grunt-phpcs/package.json
12 verbose installManyTop reading scoped package data from /Users/erratik/Sites/cutv/site/wp-content/plugins/cutv-api/node_modules/gulp/package.json
13 verbose installManyTop reading scoped package data from /Users/erratik/Sites/cutv/site/wp-content/plugins/cutv-api/node_modules/gulp-autoprefixer/package.json
14 verbose installManyTop reading scoped package data from /Users/erratik/Sites/cutv/site/wp-content/plugins/cutv-api/node_modules/gulp-cache/package.json
15 verbose installManyTop reading scoped package data from /Users/erratik/Sites/cutv/site/wp-content/plugins/cutv-api/node_modules/gulp-connect/package.json
16 verbose installManyTop reading scoped package data from /Users/erratik/Sites/cutv/site/wp-content/plugins/cutv-api/node_modules/gulp-filter/package.json
17 verbose installManyTop reading scoped package data from /Users/erratik/Sites/cutv/site/wp-content/plugins/cutv-api/node_modules/gulp-imagemin/package.json
18 verbose installManyTop reading scoped package data from /Users/erratik/Sites/cutv/site/wp-content/plugins/cutv-api/node_modules/gulp-jshint/package.json
19 verbose installManyTop reading scoped package data from /Users/erratik/Sites/cutv/site/wp-content/plugins/cutv-api/node_modules/gulp-karma/package.json
20 verbose installManyTop reading scoped package data from /Users/erratik/Sites/cutv/site/wp-content/plugins/cutv-api/node_modules/gulp-load-plugins/package.json
21 verbose installManyTop reading scoped package data from /Users/erratik/Sites/cutv/site/wp-content/plugins/cutv-api/node_modules/gulp-minify-css/package.json
22 verbose installManyTop reading scoped package data from /Users/erratik/Sites/cutv/site/wp-content/plugins/cutv-api/node_modules/gulp-ng-annotate/package.json
23 verbose installManyTop reading scoped package data from /Users/erratik/Sites/cutv/site/wp-content/plugins/cutv-api/node_modules/gulp-plumber/package.json
24 verbose installManyTop reading scoped package data from /Users/erratik/Sites/cutv/site/wp-content/plugins/cutv-api/node_modules/gulp-rev/package.json
25 verbose installManyTop reading scoped package data from /Users/erratik/Sites/cutv/site/wp-content/plugins/cutv-api/node_modules/gulp-rev-replace/package.json
26 verbose installManyTop reading scoped package data from /Users/erratik/Sites/cutv/site/wp-content/plugins/cutv-api/node_modules/gulp-uglify/package.json
27 verbose installManyTop reading scoped package data from /Users/erratik/Sites/cutv/site/wp-content/plugins/cutv-api/node_modules/gulp-useref/package.json
28 verbose installManyTop reading scoped package data from /Users/erratik/Sites/cutv/site/wp-content/plugins/cutv-api/node_modules/gulp-util/package.json
29 verbose installManyTop reading scoped package data from /Users/erratik/Sites/cutv/site/wp-content/plugins/cutv-api/node_modules/gulp-watch/package.json
30 verbose installManyTop reading scoped package data from /Users/erratik/Sites/cutv/site/wp-content/plugins/cutv-api/node_modules/jasmine-core/package.json
31 verbose installManyTop reading scoped package data from /Users/erratik/Sites/cutv/site/wp-content/plugins/cutv-api/node_modules/jasmine-jquery/package.json
32 verbose installManyTop reading scoped package data from /Users/erratik/Sites/cutv/site/wp-content/plugins/cutv-api/node_modules/jquery/package.json
33 verbose installManyTop reading scoped package data from /Users/erratik/Sites/cutv/site/wp-content/plugins/cutv-api/node_modules/jshint/package.json
34 verbose installManyTop reading scoped package data from /Users/erratik/Sites/cutv/site/wp-content/plugins/cutv-api/node_modules/jshint-stylish/package.json
35 verbose installManyTop reading scoped package data from /Users/erratik/Sites/cutv/site/wp-content/plugins/cutv-api/node_modules/karma/package.json
36 verbose installManyTop reading scoped package data from /Users/erratik/Sites/cutv/site/wp-content/plugins/cutv-api/node_modules/karma-chrome-launcher/package.json
37 verbose installManyTop reading scoped package data from /Users/erratik/Sites/cutv/site/wp-content/plugins/cutv-api/node_modules/karma-jasmine/package.json
38 verbose installManyTop reading scoped package data from /Users/erratik/Sites/cutv/site/wp-content/plugins/cutv-api/node_modules/karma-jasmine-jquery/package.json
39 verbose installManyTop reading scoped package data from /Users/erratik/Sites/cutv/site/wp-content/plugins/cutv-api/node_modules/karma-ng-html2js-preprocessor/package.json
40 verbose installManyTop reading scoped package data from /Users/erratik/Sites/cutv/site/wp-content/plugins/cutv-api/node_modules/karma-phantomjs-launcher/package.json
41 verbose installManyTop reading scoped package data from /Users/erratik/Sites/cutv/site/wp-content/plugins/cutv-api/node_modules/karma-read-json/package.json
42 verbose installManyTop reading scoped package data from /Users/erratik/Sites/cutv/site/wp-content/plugins/cutv-api/node_modules/lazypipe/package.json
43 verbose installManyTop reading scoped package data from /Users/erratik/Sites/cutv/site/wp-content/plugins/cutv-api/node_modules/open/package.json
44 verbose installManyTop reading scoped package data from /Users/erratik/Sites/cutv/site/wp-content/plugins/cutv-api/node_modules/phplint/package.json
45 verbose installManyTop reading scoped package data from /Users/erratik/Sites/cutv/site/wp-content/plugins/cutv-api/node_modules/rimraf/package.json
46 verbose installManyTop reading scoped package data from /Users/erratik/Sites/cutv/site/wp-content/plugins/cutv-api/node_modules/run-sequence/package.json
47 verbose installManyTop reading scoped package data from /Users/erratik/Sites/cutv/site/wp-content/plugins/cutv-api/node_modules/wiredep/package.json
48 info package.json grunt@0.4.5 No license field.
49 info package.json grunt-contrib-cssmin@0.9.0 No license field.
50 info package.json grunt-contrib-less@0.11.4 No license field.
51 info package.json grunt-contrib-uglify@0.4.1 No license field.
52 info package.json grunt-contrib-watch@0.6.1 No license field.
53 info package.json grunt-phpcs@0.4.0 No license field.
54 info package.json gulp-minify-css@1.2.4 No repository field.
55 info package.json karma-jasmine-jquery@0.1.1 license should be a valid SPDX license expression
56 verbose readDependencies loading dependencies from /Users/erratik/Sites/cutv/site/wp-content/plugins/cutv-api/package.json
57 silly cache add args [ 'angularjs-jasmine-matchers', null ]
58 verbose cache add spec angularjs-jasmine-matchers
59 silly cache add parsed spec Result {
59 silly cache add   raw: 'angularjs-jasmine-matchers',
59 silly cache add   scope: null,
59 silly cache add   name: 'angularjs-jasmine-matchers',
59 silly cache add   rawSpec: '',
59 silly cache add   spec: 'latest',
59 silly cache add   type: 'tag' }
60 silly addNamed angularjs-jasmine-matchers@latest
61 verbose addNamed "latest" is being treated as a dist-tag for angularjs-jasmine-matchers
62 info addNameTag [ 'angularjs-jasmine-matchers', 'latest' ]
63 silly mapToRegistry name angularjs-jasmine-matchers
64 silly mapToRegistry using default registry
65 silly mapToRegistry registry https://registry.npmjs.org/
66 silly mapToRegistry data Result {
66 silly mapToRegistry   raw: 'angularjs-jasmine-matchers',
66 silly mapToRegistry   scope: null,
66 silly mapToRegistry   name: 'angularjs-jasmine-matchers',
66 silly mapToRegistry   rawSpec: '',
66 silly mapToRegistry   spec: 'latest',
66 silly mapToRegistry   type: 'tag' }
67 silly mapToRegistry uri https://registry.npmjs.org/angularjs-jasmine-matchers
68 verbose addNameTag registry:https://registry.npmjs.org/angularjs-jasmine-matchers not in flight; fetching
69 verbose request uri https://registry.npmjs.org/angularjs-jasmine-matchers
70 verbose request no auth needed
71 info attempt registry request try #1 at 12:13:40 AM
72 verbose request id 4335dc3c46578446
73 http request GET https://registry.npmjs.org/angularjs-jasmine-matchers
74 http 404 https://registry.npmjs.org/angularjs-jasmine-matchers
75 verbose headers { 'content-type': 'application/json',
75 verbose headers   'cache-control': 'max-age=0',
75 verbose headers   'content-length': '2',
75 verbose headers   'accept-ranges': 'bytes',
75 verbose headers   date: 'Tue, 18 Oct 2016 04:13:41 GMT',
75 verbose headers   via: '1.1 varnish',
75 verbose headers   age: '0',
75 verbose headers   connection: 'keep-alive',
75 verbose headers   'x-served-by': 'cache-ord1732-ORD',
75 verbose headers   'x-cache': 'MISS',
75 verbose headers   'x-cache-hits': '0',
75 verbose headers   'x-timer': 'S1476764021.047275,VS0,VE39',
75 verbose headers   vary: 'Accept-Encoding' }
76 silly get cb [ 404,
76 silly get   { 'content-type': 'application/json',
76 silly get     'cache-control': 'max-age=0',
76 silly get     'content-length': '2',
76 silly get     'accept-ranges': 'bytes',
76 silly get     date: 'Tue, 18 Oct 2016 04:13:41 GMT',
76 silly get     via: '1.1 varnish',
76 silly get     age: '0',
76 silly get     connection: 'keep-alive',
76 silly get     'x-served-by': 'cache-ord1732-ORD',
76 silly get     'x-cache': 'MISS',
76 silly get     'x-cache-hits': '0',
76 silly get     'x-timer': 'S1476764021.047275,VS0,VE39',
76 silly get     vary: 'Accept-Encoding' } ]
77 verbose stack Error: Registry returned 404 for GET on https://registry.npmjs.org/angularjs-jasmine-matchers
77 verbose stack     at makeError (/usr/local/lib/node_modules/npm/node_modules/npm-registry-client/lib/request.js:264:12)
77 verbose stack     at CachingRegistryClient.<anonymous> (/usr/local/lib/node_modules/npm/node_modules/npm-registry-client/lib/request.js:242:14)
77 verbose stack     at Request._callback (/usr/local/lib/node_modules/npm/node_modules/npm-registry-client/lib/request.js:172:14)
77 verbose stack     at Request.self.callback (/usr/local/lib/node_modules/npm/node_modules/request/request.js:200:22)
77 verbose stack     at emitTwo (events.js:87:13)
77 verbose stack     at Request.emit (events.js:172:7)
77 verbose stack     at Request.<anonymous> (/usr/local/lib/node_modules/npm/node_modules/request/request.js:1067:10)
77 verbose stack     at emitOne (events.js:82:20)
77 verbose stack     at Request.emit (events.js:169:7)
77 verbose stack     at IncomingMessage.<anonymous> (/usr/local/lib/node_modules/npm/node_modules/request/request.js:988:12)
78 verbose statusCode 404
79 verbose pkgid angularjs-jasmine-matchers
80 verbose cwd /Users/erratik/Sites/cutv/site/wp-content/plugins/cutv-api
81 error Darwin 13.4.0
82 error argv "/usr/local/bin/node" "/usr/local/bin/npm" "install" "angularjs-jasmine-matchers" "--save-dev"
83 error node v4.6.0
84 error npm  v2.15.9
85 error code E404
86 error 404 Registry returned 404 for GET on https://registry.npmjs.org/angularjs-jasmine-matchers
86 error 404
86 error 404 'angularjs-jasmine-matchers' is not in the npm registry.
86 error 404 You should bug the author to publish it (or use the name yourself!)
86 error 404 It was specified as a dependency of 'cutv-api'
86 error 404
86 error 404 Note that you can also install from a
86 error 404 tarball, folder, http url, or git url.
87 verbose exit [ 1, true ]
